This is pdfTeX, Version 3.141592653-2.6-1.40.26 (TeX Live 2024) (preloaded format=pdflatex 2024.9.25)  21 JAN 2025 18:45
entering extended mode
 restricted \write18 enabled.
 file:line:error style messages enabled.
 %&-line parsing enabled.
**"c:/Users/33576/! UTM/! Second Year/Winter Term/CSC209-Winter-2025/Lecture 3/Worksheet on Stack vs Heap/main.tex"
(c:/Users/33576/! UTM/! Second Year/Winter Term/CSC209-Winter-2025/Lecture 3/Worksheet on Stack vs Heap/main.tex
LaTeX2e <2024-06-01> patch level 2
L3 programming layer <2024-09-10>
(c:/texlive/2024/texmf-dist/tex/latex/base/article.cls
Document Class: article 2024/02/08 v1.4n Standard LaTeX document class
(c:/texlive/2024/texmf-dist/tex/latex/base/size12.clo
File: size12.clo 2024/02/08 v1.4n Standard LaTeX file (size option)
)
\c@part=\count194
\c@section=\count195
\c@subsection=\count196
\c@subsubsection=\count197
\c@paragraph=\count198
\c@subparagraph=\count199
\c@figure=\count266
\c@table=\count267
\abovecaptionskip=\skip49
\belowcaptionskip=\skip50
\bibindent=\dimen141
) (c:/texlive/2024/texmf-dist/tex/latex/base/inputenc.sty
Package: inputenc 2024/02/08 v1.3d Input encoding file
\inpenc@prehook=\toks17
\inpenc@posthook=\toks18
) (c:/texlive/2024/texmf-dist/tex/latex/amsmath/amsmath.sty
Package: amsmath 2024/05/23 v2.17q AMS math features
\@mathmargin=\skip51

For additional information on amsmath, use the `?' option.
(c:/texlive/2024/texmf-dist/tex/latex/amsmath/amstext.sty
Package: amstext 2021/08/26 v2.01 AMS text
 (c:/texlive/2024/texmf-dist/tex/latex/amsmath/amsgen.sty
File: amsgen.sty 1999/11/30 v2.0 generic functions
\@emptytoks=\toks19
\ex@=\dimen142
)) (c:/texlive/2024/texmf-dist/tex/latex/amsmath/amsbsy.sty
Package: amsbsy 1999/11/29 v1.2d Bold Symbols
\pmbraise@=\dimen143
) (c:/texlive/2024/texmf-dist/tex/latex/amsmath/amsopn.sty
Package: amsopn 2022/04/08 v2.04 operator names
)
\inf@bad=\count268
LaTeX Info: Redefining \frac on input line 233.
\uproot@=\count269
\leftroot@=\count270
LaTeX Info: Redefining \overline on input line 398.
LaTeX Info: Redefining \colon on input line 409.
\classnum@=\count271
\DOTSCASE@=\count272
LaTeX Info: Redefining \ldots on input line 495.
LaTeX Info: Redefining \dots on input line 498.
LaTeX Info: Redefining \cdots on input line 619.
\Mathstrutbox@=\box52
\strutbox@=\box53
LaTeX Info: Redefining \big on input line 721.
LaTeX Info: Redefining \Big on input line 722.
LaTeX Info: Redefining \bigg on input line 723.
LaTeX Info: Redefining \Bigg on input line 724.
\big@size=\dimen144
LaTeX Font Info:    Redeclaring font encoding OML on input line 742.
LaTeX Font Info:    Redeclaring font encoding OMS on input line 743.
\macc@depth=\count273
LaTeX Info: Redefining \bmod on input line 904.
LaTeX Info: Redefining \pmod on input line 909.
LaTeX Info: Redefining \smash on input line 939.
LaTeX Info: Redefining \relbar on input line 969.
LaTeX Info: Redefining \Relbar on input line 970.
\c@MaxMatrixCols=\count274
\dotsspace@=\muskip17
\c@parentequation=\count275
\dspbrk@lvl=\count276
\tag@help=\toks20
\row@=\count277
\column@=\count278
\maxfields@=\count279
\andhelp@=\toks21
\eqnshift@=\dimen145
\alignsep@=\dimen146
\tagshift@=\dimen147
\tagwidth@=\dimen148
\totwidth@=\dimen149
\lineht@=\dimen150
\@envbody=\toks22
\multlinegap=\skip52
\multlinetaggap=\skip53
\mathdisplay@stack=\toks23
LaTeX Info: Redefining \[ on input line 2953.
LaTeX Info: Redefining \] on input line 2954.
) (c:/texlive/2024/texmf-dist/tex/latex/amsfonts/amssymb.sty
Package: amssymb 2013/01/14 v3.01 AMS font symbols
 (c:/texlive/2024/texmf-dist/tex/latex/amsfonts/amsfonts.sty
Package: amsfonts 2013/01/14 v3.01 Basic AMSFonts support
\symAMSa=\mathgroup4
\symAMSb=\mathgroup5
LaTeX Font Info:    Redeclaring math symbol \hbar on input line 98.
LaTeX Font Info:    Overwriting math alphabet `\mathfrak' in version `bold'
(Font)                  U/euf/m/n --> U/euf/b/n on input line 106.
)) (c:/texlive/2024/texmf-dist/tex/latex/tools/array.sty
Package: array 2024/06/14 v2.6d Tabular extension package (FMi)
\col@sep=\dimen151
\ar@mcellbox=\box54
\extrarowheight=\dimen152
\NC@list=\toks24
\extratabsurround=\skip54
\backup@length=\skip55
\ar@cellbox=\box55
) (c:/texlive/2024/texmf-dist/tex/latex/geometry/geometry.sty
Package: geometry 2020/01/02 v5.9 Page Geometry
 (c:/texlive/2024/texmf-dist/tex/latex/graphics/keyval.sty
Package: keyval 2022/05/29 v1.15 key=value parser (DPC)
\KV@toks@=\toks25
) (c:/texlive/2024/texmf-dist/tex/generic/iftex/ifvtex.sty
Package: ifvtex 2019/10/25 v1.7 ifvtex legacy package. Use iftex instead.
 (c:/texlive/2024/texmf-dist/tex/generic/iftex/iftex.sty
Package: iftex 2022/02/03 v1.0f TeX engine tests
))
\Gm@cnth=\count280
\Gm@cntv=\count281
\c@Gm@tempcnt=\count282
\Gm@bindingoffset=\dimen153
\Gm@wd@mp=\dimen154
\Gm@odd@mp=\dimen155
\Gm@even@mp=\dimen156
\Gm@layoutwidth=\dimen157
\Gm@layoutheight=\dimen158
\Gm@layouthoffset=\dimen159
\Gm@layoutvoffset=\dimen160
\Gm@dimlist=\toks26
) (c:/texlive/2024/texmf-dist/tex/latex/l3backend/l3backend-pdftex.def
File: l3backend-pdftex.def 2024-05-08 L3 backend support: PDF output (pdfTeX)
\l__color_backend_stack_int=\count283
\l__pdf_internal_box=\box56
) (./main.aux)
\openout1 = `main.aux'.

LaTeX Font Info:    Checking defaults for OML/cmm/m/it on input line 11.
LaTeX Font Info:    ... okay on input line 11.
LaTeX Font Info:    Checking defaults for OMS/cmsy/m/n on input line 11.
LaTeX Font Info:    ... okay on input line 11.
LaTeX Font Info:    Checking defaults for OT1/cmr/m/n on input line 11.
LaTeX Font Info:    ... okay on input line 11.
LaTeX Font Info:    Checking defaults for T1/cmr/m/n on input line 11.
LaTeX Font Info:    ... okay on input line 11.
LaTeX Font Info:    Checking defaults for TS1/cmr/m/n on input line 11.
LaTeX Font Info:    ... okay on input line 11.
LaTeX Font Info:    Checking defaults for OMX/cmex/m/n on input line 11.
LaTeX Font Info:    ... okay on input line 11.
LaTeX Font Info:    Checking defaults for U/cmr/m/n on input line 11.
LaTeX Font Info:    ... okay on input line 11.

*geometry* driver: auto-detecting
*geometry* detected driver: pdftex
*geometry* verbose mode - [ preamble ] result:
* driver: pdftex
* paper: letterpaper
* layout: <same size as paper>
* layoutoffset:(h,v)=(0.0pt,0.0pt)
* modes: 
* h-part:(L,W,R)=(72.26999pt, 469.75502pt, 72.26999pt)
* v-part:(T,H,B)=(72.26999pt, 650.43001pt, 72.26999pt)
* \paperwidth=614.295pt
* \paperheight=794.96999pt
* \textwidth=469.75502pt
* \textheight=650.43001pt
* \oddsidemargin=0.0pt
* \evensidemargin=0.0pt
* \topmargin=-37.0pt
* \headheight=12.0pt
* \headsep=25.0pt
* \topskip=12.0pt
* \footskip=30.0pt
* \marginparwidth=44.0pt
* \marginparsep=10.0pt
* \columnsep=10.0pt
* \skip\footins=10.8pt plus 4.0pt minus 2.0pt
* \hoffset=0.0pt
* \voffset=0.0pt
* \mag=1000
* \@twocolumnfalse
* \@twosidefalse
* \@mparswitchfalse
* \@reversemarginfalse
* (1in=72.27pt=25.4mm, 1cm=28.453pt)

LaTeX Font Info:    Trying to load font information for U+msa on input line 16.
(c:/texlive/2024/texmf-dist/tex/latex/amsfonts/umsa.fd
File: umsa.fd 2013/01/14 v3.01 AMS symbols A
)
LaTeX Font Info:    Trying to load font information for U+msb on input line 16.
 (c:/texlive/2024/texmf-dist/tex/latex/amsfonts/umsb.fd
File: umsb.fd 2013/01/14 v3.01 AMS symbols B
)
Underfull \hbox (badness 10000) in paragraph at lines 18--19
[]|\OT1/cmr/bx/n/12 De-allocated
 []

LaTeX Font Info:    Trying to load font information for OMS+cmtt on input line 20.
LaTeX Font Info:    No file OMScmtt.fd. on input line 20.

LaTeX Font Warning: Font shape `OMS/cmtt/m/n' undefined
(Font)              using `OMS/cmsy/m/n' instead
(Font)              for symbol `textbraceleft' on input line 20.


Underfull \hbox (badness 6825) in paragraph at lines 20--21
[]|\OT1/cmr/m/n/12 When pro-gram
 []


Underfull \hbox (badness 10000) in paragraph at lines 26--26
[]|\OT1/cmtt/m/n/12 int fun(char i) \OMS/cmtt/m/n/12 f \OT1/cmtt/m/n/12 ...
 []


Underfull \hbox (badness 10000) in paragraph at lines 28--28
[]|\OT1/cmtt/m/n/12 int main() \OMS/cmtt/m/n/12 f \OT1/cmtt/m/n/12 fun('a');
 []


Underfull \hbox (badness 10000) in paragraph at lines 28--28
[]|\OT1/cmtt/m/n/12 sizeof(char)
 []


Underfull \hbox (badness 10000) in paragraph at lines 30--30
[]|\OT1/cmtt/m/n/12 int main() \OMS/cmtt/m/n/12 f \OT1/cmtt/m/n/12 char i[10]
 []


Underfull \hbox (badness 10000) in paragraph at lines 30--30
[]|\OT1/cmtt/m/n/12 sizeof(char)
 []


Underfull \hbox (badness 6825) in paragraph at lines 30--31
[]|\OT1/cmr/m/n/12 When pro-gram
 []


Underfull \hbox (badness 10000) in paragraph at lines 32--32
[]|\OT1/cmtt/m/n/12 sizeof(char
 []


Underfull \hbox (badness 6825) in paragraph at lines 32--33
[]|\OT1/cmr/m/n/12 When pro-gram
 []


Underfull \hbox (badness 6825) in paragraph at lines 34--35
[]|\OT1/cmr/m/n/12 When pro-gram
 []


Underfull \hbox (badness 10000) in paragraph at lines 36--36
[]|\OT1/cmtt/m/n/12 int fun(int *i) \OMS/cmtt/m/n/12 f \OT1/cmtt/m/n/12 ...
 []


Underfull \hbox (badness 10000) in paragraph at lines 38--38
[]|\OT1/cmtt/m/n/12 int main() \OMS/cmtt/m/n/12 f \OT1/cmtt/m/n/12 int i[5] =
 []


Underfull \hbox (badness 10000) in paragraph at lines 38--38
[]|\OT1/cmtt/m/n/12 sizeof(int) *
 []


Underfull \hbox (badness 6825) in paragraph at lines 38--39
[]|\OT1/cmr/m/n/12 When pro-gram
 []


Underfull \hbox (badness 10000) in paragraph at lines 40--40
[]|\OT1/cmtt/m/n/12 int main() \OMS/cmtt/m/n/12 f \OT1/cmtt/m/n/12 int *i; i
 []


Underfull \hbox (badness 10000) in paragraph at lines 40--40
\OT1/cmtt/m/n/12 = malloc(sizeof(int));
 []


Underfull \hbox (badness 10000) in paragraph at lines 40--40
[]|\OT1/cmtt/m/n/12 sizeof(int
 []


Underfull \hbox (badness 10000) in paragraph at lines 40--40
\OT1/cmtt/m/n/12 *) \OT1/cmr/m/n/12 for \OT1/cmtt/m/n/12 i\OT1/cmr/m/n/12 ,
 []


Underfull \hbox (badness 10000) in paragraph at lines 40--41
[]|\OT1/cmtt/m/n/12 i \OT1/cmr/m/n/12 de-allocated
 []


Underfull \hbox (badness 10000) in paragraph at lines 40--41
\OT1/cmr/m/n/12 heap mem-ory
 []


Underfull \hbox (badness 10000) in paragraph at lines 42--42
[]|\OT1/cmtt/m/n/12 void fun(int **i) \OMS/cmtt/m/n/12 f \OT1/cmtt/m/n/12 *i
 []


Underfull \hbox (badness 10000) in paragraph at lines 42--42
\OT1/cmtt/m/n/12 = malloc(sizeof(int) *
 []


Underfull \hbox (badness 10000) in paragraph at lines 42--42
[]|\OT1/cmtt/m/n/12 sizeof(int
 []


Underfull \hbox (badness 10000) in paragraph at lines 42--42
\OT1/cmtt/m/n/12 *) \OT1/cmr/m/n/12 in \OT1/cmtt/m/n/12 fun\OT1/cmr/m/n/12 ,
 []


Underfull \hbox (badness 10000) in paragraph at lines 42--42
\OT1/cmtt/m/n/12 sizeof(int) *
 []


Underfull \hbox (badness 10000) in paragraph at lines 42--42
\OT1/cmtt/m/n/12 fun\OT1/cmr/m/n/12 , al-lo-cated
 []


Underfull \hbox (badness 10000) in paragraph at lines 42--43
[]|\OT1/cmr/m/n/12 Stack frame
 []


Underfull \hbox (badness 10000) in paragraph at lines 42--43
\OT1/cmr/m/n/12 cleared when
 []


Underfull \hbox (badness 10000) in paragraph at lines 42--43
\OT1/cmtt/m/n/12 fun() \OT1/cmr/m/n/12 re-turns,
 []


Underfull \hbox (badness 10000) in paragraph at lines 42--43
\OT1/cmr/m/n/12 heap mem-ory
 []


Underfull \hbox (badness 10000) in paragraph at lines 42--43
\OT1/cmr/m/n/12 de-allocated
 []


Underfull \hbox (badness 10000) in paragraph at lines 44--44
[]|\OT1/cmtt/m/n/12 int main() \OMS/cmtt/m/n/12 f \OT1/cmtt/m/n/12 int *i;
 []


Underfull \hbox (badness 10000) in paragraph at lines 44--44
[]|\OT1/cmtt/m/n/12 sizeof(int
 []


Underfull \hbox (badness 10000) in paragraph at lines 44--44
\OT1/cmtt/m/n/12 *) \OT1/cmr/m/n/12 for \OT1/cmtt/m/n/12 i\OT1/cmr/m/n/12 ,
 []


Underfull \hbox (badness 10000) in paragraph at lines 44--44
\OT1/cmtt/m/n/12 sizeof(int) *
 []


Underfull \hbox (badness 10000) in paragraph at lines 44--45
[]|\OT1/cmtt/m/n/12 i \OT1/cmr/m/n/12 de-allocated
 []


Underfull \hbox (badness 10000) in paragraph at lines 44--45
\OT1/cmr/m/n/12 when pro-gram
 []


Underfull \hbox (badness 10000) in paragraph at lines 44--45
\OT1/cmr/m/n/12 ends, heap
 []


Underfull \hbox (badness 10000) in paragraph at lines 44--45
\OT1/cmr/m/n/12 mem-ory with
 []



[1

{c:/texlive/2024/texmf-var/fonts/map/pdftex/updmap/pdftex.map}{c:/texlive/2024/texmf-dist/fonts/enc/dvips/cm-super/cm-super-ts1.enc}]
LaTeX Font Info:    Font shape `OT1/cmtt/bx/n' in size <12> not available
(Font)              Font shape `OT1/cmtt/m/n' tried instead on input line 57.


[2] (./main.aux)
 ***********
LaTeX2e <2024-06-01> patch level 2
L3 programming layer <2024-09-10>
 ***********


LaTeX Font Warning: Some font shapes were not available, defaults substituted.

 ) 
Here is how much of TeX's memory you used:
 2400 strings out of 473579
 34794 string characters out of 5732263
 438932 words of memory out of 5000000
 25308 multiletter control sequences out of 15000+600000
 564738 words of font info for 61 fonts, out of 8000000 for 9000
 1141 hyphenation exceptions out of 8191
 57i,8n,65p,456b,214s stack positions out of 10000i,1000n,20000p,200000b,200000s
<c:/texlive/2024/texmf-dist/fonts/type1/public/amsfonts/cm/cmbx12.pfb><c:/texlive/2024/texmf-dist/fonts/type1/public/amsfonts/cm/cmr12.pfb><c:/texlive/2024/texmf-dist/fonts/type1/public/amsfonts/cm/cmsy10.pfb><c:/texlive/2024/texmf-dist/fonts/type1/public/amsfonts/cm/cmtt12.pfb><c:/texlive/2024/texmf-dist/fonts/type1/public/cm-super/sfrm1200.pfb>
Output written on main.pdf (2 pages, 56724 bytes).
PDF statistics:
 37 PDF objects out of 1000 (max. 8388607)
 22 compressed objects within 1 object stream
 0 named destinations out of 1000 (max. 500000)
 1 words of extra memory for PDF output out of 10000 (max. 10000000)

